<?xml version="1.0" encoding="utf-8"?><testsuites><testsuite name="pytest" errors="0" failures="0" skipped="0" tests="14" time="1.379" timestamp="2023-02-27T04:10:58.426150" hostname="fv-az399-857"><testcase classname="tests.test_netbox-dnsmasq" name="test_format_dns" time="0.014" /><testcase classname="tests.test_netbox-dnsmasq" name="test_format_dns_merged" time="0.012" /><testcase classname="tests.test_netbox-dnsmasq" name="test_format_dhcp" time="0.013" /><testcase classname="tests.test_netbox-dnsmasq" name="test_write_config" time="0.014" /><testcase classname="tests.test_netbox-dnsmasq" name="test_write_config_denied" time="0.013" /><testcase classname="tests.test_netbox-dnsmasq" name="test_get_ip_data" time="0.190" /><testcase classname="tests.test_netbox-dnsmasq" name="test_check_duplicates" time="0.013" /><testcase classname="tests.test_netbox-dnsmasq" name="test_check_duplicates_no_remove" time="0.013" /><testcase classname="tests.test_netbox-dnsmasq" name="test_import_config[True]" time="0.012" /><testcase classname="tests.test_netbox-dnsmasq" name="test_import_config[False]" time="0.012" /><testcase classname="tests.test_netbox-dnsmasq" name="test_import_config_missing_env" time="0.012" /><testcase classname="tests.test_netbox-dnsmasq" name="test_main_help[-h]" time="0.015" /><testcase classname="tests.test_netbox-dnsmasq" name="test_main_help[--help]" time="0.013" /><testcase classname="tests.test_netbox-dnsmasq" name="test_main_run" time="0.190" /></testsuite></testsuites>